2022-02-28 20:47:56,402 - train - INFO - Cascade_2D_M5(
  (conv1): Conv2d(1, 32, kernel_size=(3, 3), stride=(1, 1))
  (bn1): BatchNorm2d(32, eps=1e-05, momentum=0.1, affine=True, track_running_stats=True)
  (pool1): MaxPool2d(kernel_size=2, stride=2, padding=1, dilation=1, ceil_mode=False)
  (conv1_drop): Dropout2d(p=0.5, inplace=False)
  (conv2): Conv2d(32, 32, kernel_size=(3, 3), stride=(1, 1))
  (bn2): BatchNorm2d(32, eps=1e-05, momentum=0.1, affine=True, track_running_stats=True)
  (pool2): MaxPool2d(kernel_size=2, stride=2, padding=1, dilation=1, ceil_mode=False)
  (conv2_drop): Dropout2d(p=0.5, inplace=False)
  (conv3): Conv2d(32, 64, kernel_size=(3, 3), stride=(1, 1))
  (bn3): BatchNorm2d(64, eps=1e-05, momentum=0.1, affine=True, track_running_stats=True)
  (pool3): MaxPool2d(kernel_size=2, stride=2, padding=1, dilation=1, ceil_mode=False)
  (conv3_drop): Dropout2d(p=0.5, inplace=False)
  (fc_fuel): Linear(in_features=64, out_features=2, bias=True)
  (fc_config): Linear(in_features=64, out_features=3, bias=True)
  (fc_cyl): Linear(in_features=64, out_features=7, bias=True)
  (fc_turbo): Linear(in_features=64, out_features=2, bias=True)
  (fc_loc): Linear(in_features=64, out_features=5, bias=True)
  (fc_idle): Linear(in_features=64, out_features=2, bias=True)
  (fc_make): Linear(in_features=64, out_features=30, bias=True)
  (fc_oem): Linear(in_features=64, out_features=19, bias=True)
  (fc_disp_cls): Linear(in_features=64, out_features=37, bias=True)
  (fc_hp_cls): Linear(in_features=64, out_features=93, bias=True)
  (conv1_m): Conv2d(1, 32, kernel_size=(3, 3), stride=(1, 1))
  (bn1_m): BatchNorm2d(32, eps=1e-05, momentum=0.1, affine=True, track_running_stats=True)
  (pool1_m): MaxPool2d(kernel_size=2, stride=2, padding=1, dilation=1, ceil_mode=False)
  (conv1_drop_m): Dropout2d(p=0.5, inplace=False)
  (conv2_m): Conv2d(32, 32, kernel_size=(3, 3), stride=(1, 1))
  (bn2_m): BatchNorm2d(32, eps=1e-05, momentum=0.1, affine=True, track_running_stats=True)
  (pool2_m): MaxPool2d(kernel_size=2, stride=2, padding=1, dilation=1, ceil_mode=False)
  (conv2_drop_m): Dropout2d(p=0.5, inplace=False)
  (conv3_m): Conv2d(32, 64, kernel_size=(3, 3), stride=(1, 1))
  (bn3_m): BatchNorm2d(64, eps=1e-05, momentum=0.1, affine=True, track_running_stats=True)
  (pool3_m): MaxPool2d(kernel_size=2, stride=2, padding=1, dilation=1, ceil_mode=False)
  (conv3_drop_m): Dropout2d(p=0.5, inplace=False)
  (fc_misfire): Linear(in_features=64, out_features=2, bias=True)
)
2022-02-28 20:47:56,455 - train - INFO - Loading checkpoint: checkpoint/weights.pth ...
2022-02-28 20:47:58,587 - train - INFO - {'overall_loss': 0, 'loss/fuel': 2.19647479057312, 'loss/config': 7.769603252410889, 'loss/cyl': 6.687633991241455, 'loss/turbo': 0.15592290461063385, 'loss/misfire': 8.287226676940918, 'loss/loc': 1.7903640270233154, 'loss/idle': 0.9040281176567078, 'loss/make': 3.3787496089935303, 'loss/oem': 2.7471792697906494, 'loss/disp-cls': 3.8161911964416504, 'loss/hp-cls': 4.3958258628845215, 'accuracy/fuel': 0.0, 'accuracy/config': 0.0, 'accuracy/cyl': 0.0, 'accuracy/turbo': 1.0, 'accuracy/misfire': 0.0, 'accuracy/loc': 0.0, 'accuracy/idle': 0.0, 'accuracy/make': 0.0, 'accuracy/oem': 0.0, 'accuracy/disp-cls': 0.0, 'accuracy/hp-cls': 0.0, 'precision/fuel': 0.0, 'precision/config': 0.0, 'precision/cyl': 0.0, 'precision/turbo': 1.0, 'precision/misfire': 0.0, 'precision/loc': 0.0, 'precision/idle': 0.0, 'precision/make': 0.0, 'precision/oem': 0.0, 'precision/disp-cls': 0.0, 'precision/hp-cls': 0.0, 'recall/fuel': 0.0, 'recall/config': 0.0, 'recall/cyl': 0.0, 'recall/turbo': 1.0, 'recall/misfire': 0.0, 'recall/loc': 0.0, 'recall/idle': 0.0, 'recall/make': 0.0, 'recall/oem': 0.0, 'recall/disp-cls': 0.0, 'recall/hp-cls': 0.0}
